[debug] [2024-11-27T08:17:31.826Z] ----------------------------------------------------------------------
[debug] [2024-11-27T08:17:31.829Z] Command:       C:\Program Files\nodejs\node.exe C:\Program Files\nodejs\node_modules\firebase-tools\lib\bin\firebase.js serve
[debug] [2024-11-27T08:17:31.830Z] CLI Version:   13.18.0
[debug] [2024-11-27T08:17:31.830Z] Platform:      win32
[debug] [2024-11-27T08:17:31.830Z] Node Version:  v20.15.0
[debug] [2024-11-27T08:17:31.830Z] Time:          Wed Nov 27 2024 13:47:31 GMT+0530 (India Standard Time)
[debug] [2024-11-27T08:17:31.830Z] ----------------------------------------------------------------------
[debug] 
[debug] [2024-11-27T08:17:31.969Z] > command requires scopes: ["email","openid","https://www.googleapis.com/auth/cloudplatformprojects.readonly","https://www.googleapis.com/auth/firebase","https://www.googleapis.com/auth/cloud-platform"]
[debug] [2024-11-27T08:17:31.970Z] > authorizing via signed-in user (monuverma2704@gmail.com)
[debug] [2024-11-27T08:17:31.970Z] [iam] checking project b for permissions ["firebase.projects.get"]
[debug] [2024-11-27T08:17:31.972Z] >>> [apiv2][query] POST https://cloudresourcemanager.googleapis.com/v1/projects/b:testIamPermissions [none]
[debug] [2024-11-27T08:17:31.972Z] >>> [apiv2][(partial)header] POST https://cloudresourcemanager.googleapis.com/v1/projects/b:testIamPermissions x-goog-quota-user=projects/b
[debug] [2024-11-27T08:17:31.972Z] >>> [apiv2][body] POST https://cloudresourcemanager.googleapis.com/v1/projects/b:testIamPermissions {"permissions":["firebase.projects.get"]}
[debug] [2024-11-27T08:17:34.112Z] <<< [apiv2][status] POST https://cloudresourcemanager.googleapis.com/v1/projects/b:testIamPermissions 200
[debug] [2024-11-27T08:17:34.112Z] <<< [apiv2][body] POST https://cloudresourcemanager.googleapis.com/v1/projects/b:testIamPermissions {}
[debug] [2024-11-27T08:17:34.113Z] [iam] error while checking permissions, command may fail: FirebaseError: Authorization failed. This account is missing the following required permissions on project b:

  firebase.projects.get
[debug] [2024-11-27T08:17:34.113Z] >>> [apiv2][query] GET https://firebase.googleapis.com/v1beta1/projects/b [none]
[debug] [2024-11-27T08:17:35.523Z] <<< [apiv2][status] GET https://firebase.googleapis.com/v1beta1/projects/b 403
[debug] [2024-11-27T08:17:35.523Z] <<< [apiv2][body] GET https://firebase.googleapis.com/v1beta1/projects/b {"error":{"code":403,"message":"The caller does not have permission","status":"PERMISSION_DENIED"}}
[debug] [2024-11-27T08:17:35.524Z] HTTP Error: 403, The caller does not have permission
[debug] [2024-11-27T08:17:35.813Z] FirebaseError: HTTP Error: 403, The caller does not have permission
    at responseToError (C:\Users\MONU\AppData\Roaming\nvm\v20.15.0\node_modules\firebase-tools\lib\responseToError.js:49:12)
    at RetryOperation._fn (C:\Users\MONU\AppData\Roaming\nvm\v20.15.0\node_modules\firebase-tools\lib\apiv2.js:305:77)
    at process.processTicksAndRejections (node:internal/process/task_queues:95:5)
[error] 
[error] Error: Failed to get Firebase project b. Please make sure the project exists and your account has permission to access it.
[debug] [2024-11-27T08:17:59.090Z] ----------------------------------------------------------------------
[debug] [2024-11-27T08:17:59.093Z] Command:       C:\Program Files\nodejs\node.exe C:\Program Files\nodejs\node_modules\firebase-tools\lib\bin\firebase.js serve --only functions
[debug] [2024-11-27T08:17:59.094Z] CLI Version:   13.18.0
[debug] [2024-11-27T08:17:59.094Z] Platform:      win32
[debug] [2024-11-27T08:17:59.094Z] Node Version:  v20.15.0
[debug] [2024-11-27T08:17:59.094Z] Time:          Wed Nov 27 2024 13:47:59 GMT+0530 (India Standard Time)
[debug] [2024-11-27T08:17:59.094Z] ----------------------------------------------------------------------
[debug] 
[debug] [2024-11-27T08:17:59.225Z] > command requires scopes: ["email","openid","https://www.googleapis.com/auth/cloudplatformprojects.readonly","https://www.googleapis.com/auth/firebase","https://www.googleapis.com/auth/cloud-platform"]
[debug] [2024-11-27T08:17:59.225Z] > authorizing via signed-in user (monuverma2704@gmail.com)
[debug] [2024-11-27T08:17:59.225Z] [iam] checking project b for permissions ["firebase.projects.get"]
[debug] [2024-11-27T08:17:59.227Z] >>> [apiv2][query] POST https://cloudresourcemanager.googleapis.com/v1/projects/b:testIamPermissions [none]
[debug] [2024-11-27T08:17:59.227Z] >>> [apiv2][(partial)header] POST https://cloudresourcemanager.googleapis.com/v1/projects/b:testIamPermissions x-goog-quota-user=projects/b
[debug] [2024-11-27T08:17:59.228Z] >>> [apiv2][body] POST https://cloudresourcemanager.googleapis.com/v1/projects/b:testIamPermissions {"permissions":["firebase.projects.get"]}
[debug] [2024-11-27T08:18:01.136Z] <<< [apiv2][status] POST https://cloudresourcemanager.googleapis.com/v1/projects/b:testIamPermissions 200
[debug] [2024-11-27T08:18:01.136Z] <<< [apiv2][body] POST https://cloudresourcemanager.googleapis.com/v1/projects/b:testIamPermissions {}
[debug] [2024-11-27T08:18:01.136Z] [iam] error while checking permissions, command may fail: FirebaseError: Authorization failed. This account is missing the following required permissions on project b:

  firebase.projects.get
[debug] [2024-11-27T08:18:01.137Z] >>> [apiv2][query] GET https://firebase.googleapis.com/v1beta1/projects/b [none]
[debug] [2024-11-27T08:18:02.571Z] <<< [apiv2][status] GET https://firebase.googleapis.com/v1beta1/projects/b 403
[debug] [2024-11-27T08:18:02.571Z] <<< [apiv2][body] GET https://firebase.googleapis.com/v1beta1/projects/b {"error":{"code":403,"message":"The caller does not have permission","status":"PERMISSION_DENIED"}}
[debug] [2024-11-27T08:18:02.572Z] HTTP Error: 403, The caller does not have permission
[debug] [2024-11-27T08:18:02.872Z] FirebaseError: HTTP Error: 403, The caller does not have permission
    at responseToError (C:\Users\MONU\AppData\Roaming\nvm\v20.15.0\node_modules\firebase-tools\lib\responseToError.js:49:12)
    at RetryOperation._fn (C:\Users\MONU\AppData\Roaming\nvm\v20.15.0\node_modules\firebase-tools\lib\apiv2.js:305:77)
    at process.processTicksAndRejections (node:internal/process/task_queues:95:5)
[error] 
[error] Error: Failed to get Firebase project b. Please make sure the project exists and your account has permission to access it.
[debug] [2024-11-27T08:18:18.130Z] ----------------------------------------------------------------------
[debug] [2024-11-27T08:18:18.133Z] Command:       C:\Program Files\nodejs\node.exe C:\Program Files\nodejs\node_modules\firebase-tools\lib\bin\firebase.js use --add
[debug] [2024-11-27T08:18:18.134Z] CLI Version:   13.18.0
[debug] [2024-11-27T08:18:18.134Z] Platform:      win32
[debug] [2024-11-27T08:18:18.134Z] Node Version:  v20.15.0
[debug] [2024-11-27T08:18:18.134Z] Time:          Wed Nov 27 2024 13:48:18 GMT+0530 (India Standard Time)
[debug] [2024-11-27T08:18:18.134Z] ----------------------------------------------------------------------
[debug] 
[debug] [2024-11-27T08:18:18.211Z] > command requires scopes: ["email","openid","https://www.googleapis.com/auth/cloudplatformprojects.readonly","https://www.googleapis.com/auth/firebase","https://www.googleapis.com/auth/cloud-platform"]
[debug] [2024-11-27T08:18:18.212Z] > authorizing via signed-in user (monuverma2704@gmail.com)
[debug] [2024-11-27T08:18:18.215Z] >>> [apiv2][query] GET https://firebase.googleapis.com/v1beta1/projects pageSize=1000
[debug] [2024-11-27T08:18:19.890Z] <<< [apiv2][status] GET https://firebase.googleapis.com/v1beta1/projects 200
[debug] [2024-11-27T08:18:19.890Z] <<< [apiv2][body] GET https://firebase.googleapis.com/v1beta1/projects [omitted]
